[2025-05-21 10:44:05,711][ogn_registration][INFO] - Looking for Python nodes to register in omni.physx.fabric-106.5.7
[2025-05-21 10:44:05,712][ogn_registration][INFO] -  -> Registered nodes from module omni.physxfabric at /opt/IsaacSim/extsPhysics/omni.physx.fabric
[2025-05-21 10:44:05,712][ogn_registration][INFO] - Registering nodes in /opt/IsaacSim/extsPhysics/omni.physx.fabric imported as omni.physxfabric with AutoNode config {}
[2025-05-21 10:44:05,712][ogn_registration][INFO] - Registering Python Node Types from omni.physxfabric at /opt/IsaacSim/extsPhysics/omni.physx.fabric in omni.physx.fabric
[2025-05-21 10:44:05,712][ogn_registration][INFO] - ========================================================================================================================
[2025-05-21 10:44:05,713][ogn_registration][INFO] - No dependency on omni.graph, therefore no nodes to register in omni.physx.fabric
[2025-05-21 10:44:05,714][ogn_registration][INFO] - ...None found, no registration to do
[2025-05-21 10:44:05,714][ogn_registration][INFO] - ...Skipping: No OmniGraph presence in the module omni.physxfabric - No nodes in this module, do not remember it
[2025-05-21 10:44:05,714][ogn_registration][INFO] - Destroying registration record for omni.physx.fabric
[2025-05-21 10:44:05,714][ogn_registration][INFO] - OGN register omni.physx.fabric-106.5.7 took 1932860.000000
[2025-05-21 10:45:01,499][ogn_registration][INFO] - Looking for Python nodes to deregister in isaaclab.python-2.1.0
[2025-05-21 10:45:01,499][ogn_registration][INFO] - Deregistered Python nodes in isaaclab.python-2.1.0
[2025-05-21 10:45:01,499][ogn_registration][INFO] - OGN deregister isaaclab.python-2.1.0 took 135.69us
[2025-05-21 10:45:01,499][ogn_registration][INFO] - Looking for Python nodes to deregister in isaacsim.core.cloner-1.3.4
[2025-05-21 10:45:01,499][ogn_registration][INFO] - Deregistered Python nodes in isaacsim.core.cloner-1.3.4
[2025-05-21 10:45:01,500][ogn_registration][INFO] - OGN deregister isaacsim.core.cloner-1.3.4 took 111.96us
[2025-05-21 10:45:01,878][ogn_registration][INFO] - Looking for Python nodes to register in isaacsim.core.cloner-1.3.4
[2025-05-21 10:45:01,879][ogn_registration][INFO] -  -> Registered nodes from module isaacsim.core.cloner at /opt/IsaacSim/exts/isaacsim.core.cloner
[2025-05-21 10:45:01,879][ogn_registration][INFO] - Registering nodes in /opt/IsaacSim/exts/isaacsim.core.cloner imported as isaacsim.core.cloner with AutoNode config {}
[2025-05-21 10:45:01,879][ogn_registration][INFO] - Registering Python Node Types from isaacsim.core.cloner at /opt/IsaacSim/exts/isaacsim.core.cloner in isaacsim.core.cloner
[2025-05-21 10:45:01,879][ogn_registration][INFO] - ========================================================================================================================
[2025-05-21 10:45:01,880][ogn_registration][INFO] - No dependency on omni.graph, therefore no nodes to register in isaacsim.core.cloner
[2025-05-21 10:45:01,880][ogn_registration][INFO] - ...None found, no registration to do
[2025-05-21 10:45:01,880][ogn_registration][INFO] - ...Skipping: No OmniGraph presence in the module isaacsim.core.cloner - No nodes in this module, do not remember it
[2025-05-21 10:45:01,880][ogn_registration][INFO] - Destroying registration record for isaacsim.core.cloner
[2025-05-21 10:45:01,880][ogn_registration][INFO] - OGN register isaacsim.core.cloner-1.3.4 took 1803610.000000
[2025-05-21 10:45:01,881][ogn_registration][INFO] - Looking for Python nodes to register in isaaclab.python-2.1.0
[2025-05-21 10:45:01,881][ogn_registration][INFO] - OGN register isaaclab.python-2.1.0 took 282050.000000
