[2025-05-21 10:45:21,130][ogn_registration][INFO] - Looking for Python nodes to register in omni.physx.fabric-106.5.7
[2025-05-21 10:45:21,130][ogn_registration][INFO] -  -> Registered nodes from module omni.physxfabric at /opt/IsaacSim/extsPhysics/omni.physx.fabric
[2025-05-21 10:45:21,131][ogn_registration][INFO] - Registering nodes in /opt/IsaacSim/extsPhysics/omni.physx.fabric imported as omni.physxfabric with AutoNode config {}
[2025-05-21 10:45:21,131][ogn_registration][INFO] - Registering Python Node Types from omni.physxfabric at /opt/IsaacSim/extsPhysics/omni.physx.fabric in omni.physx.fabric
[2025-05-21 10:45:21,131][ogn_registration][INFO] - ========================================================================================================================
[2025-05-21 10:45:21,132][ogn_registration][INFO] - No dependency on omni.graph, therefore no nodes to register in omni.physx.fabric
[2025-05-21 10:45:21,132][ogn_registration][INFO] - ...None found, no registration to do
[2025-05-21 10:45:21,132][ogn_registration][INFO] - ...Skipping: No OmniGraph presence in the module omni.physxfabric - No nodes in this module, do not remember it
[2025-05-21 10:45:21,132][ogn_registration][INFO] - Destroying registration record for omni.physx.fabric
[2025-05-21 10:45:21,132][ogn_registration][INFO] - OGN register omni.physx.fabric-106.5.7 took 1883110.000000
[2025-05-21 10:46:58,061][ogn_registration][INFO] - Looking for Python nodes to deregister in isaaclab.python-2.1.0
[2025-05-21 10:46:58,061][ogn_registration][INFO] - Deregistered Python nodes in isaaclab.python-2.1.0
[2025-05-21 10:46:58,062][ogn_registration][INFO] - OGN deregister isaaclab.python-2.1.0 took 197.10us
[2025-05-21 10:46:58,062][ogn_registration][INFO] - Looking for Python nodes to deregister in isaacsim.core.cloner-1.3.4
[2025-05-21 10:46:58,062][ogn_registration][INFO] - Deregistered Python nodes in isaacsim.core.cloner-1.3.4
[2025-05-21 10:46:58,062][ogn_registration][INFO] - OGN deregister isaacsim.core.cloner-1.3.4 took 143.41us
[2025-05-21 10:46:58,427][ogn_registration][INFO] - Looking for Python nodes to register in isaacsim.core.cloner-1.3.4
[2025-05-21 10:46:58,428][ogn_registration][INFO] -  -> Registered nodes from module isaacsim.core.cloner at /opt/IsaacSim/exts/isaacsim.core.cloner
[2025-05-21 10:46:58,428][ogn_registration][INFO] - Registering nodes in /opt/IsaacSim/exts/isaacsim.core.cloner imported as isaacsim.core.cloner with AutoNode config {}
[2025-05-21 10:46:58,428][ogn_registration][INFO] - Registering Python Node Types from isaacsim.core.cloner at /opt/IsaacSim/exts/isaacsim.core.cloner in isaacsim.core.cloner
[2025-05-21 10:46:58,428][ogn_registration][INFO] - ========================================================================================================================
[2025-05-21 10:46:58,429][ogn_registration][INFO] - No dependency on omni.graph, therefore no nodes to register in isaacsim.core.cloner
[2025-05-21 10:46:58,429][ogn_registration][INFO] - ...None found, no registration to do
[2025-05-21 10:46:58,429][ogn_registration][INFO] - ...Skipping: No OmniGraph presence in the module isaacsim.core.cloner - No nodes in this module, do not remember it
[2025-05-21 10:46:58,429][ogn_registration][INFO] - Destroying registration record for isaacsim.core.cloner
[2025-05-21 10:46:58,429][ogn_registration][INFO] - OGN register isaacsim.core.cloner-1.3.4 took 1770509.000000
[2025-05-21 10:46:58,430][ogn_registration][INFO] - Looking for Python nodes to register in isaaclab.python-2.1.0
[2025-05-21 10:46:58,430][ogn_registration][INFO] - OGN register isaaclab.python-2.1.0 took 246111.000000
[2025-05-21 10:47:25,270][ogn_registration][INFO] - Looking for Python nodes to deregister in isaaclab.python-2.1.0
[2025-05-21 10:47:25,270][ogn_registration][INFO] - Deregistered Python nodes in isaaclab.python-2.1.0
[2025-05-21 10:47:25,271][ogn_registration][INFO] - OGN deregister isaaclab.python-2.1.0 took 160.39us
[2025-05-21 10:47:25,271][ogn_registration][INFO] - Looking for Python nodes to deregister in isaacsim.core.cloner-1.3.4
[2025-05-21 10:47:25,271][ogn_registration][INFO] - Deregistered Python nodes in isaacsim.core.cloner-1.3.4
[2025-05-21 10:47:25,271][ogn_registration][INFO] - OGN deregister isaacsim.core.cloner-1.3.4 took 112.60us
[2025-05-21 10:47:25,639][ogn_registration][INFO] - Looking for Python nodes to register in isaacsim.core.cloner-1.3.4
[2025-05-21 10:47:25,639][ogn_registration][INFO] -  -> Registered nodes from module isaacsim.core.cloner at /opt/IsaacSim/exts/isaacsim.core.cloner
[2025-05-21 10:47:25,639][ogn_registration][INFO] - Registering nodes in /opt/IsaacSim/exts/isaacsim.core.cloner imported as isaacsim.core.cloner with AutoNode config {}
[2025-05-21 10:47:25,639][ogn_registration][INFO] - Registering Python Node Types from isaacsim.core.cloner at /opt/IsaacSim/exts/isaacsim.core.cloner in isaacsim.core.cloner
[2025-05-21 10:47:25,639][ogn_registration][INFO] - ========================================================================================================================
[2025-05-21 10:47:25,640][ogn_registration][INFO] - No dependency on omni.graph, therefore no nodes to register in isaacsim.core.cloner
[2025-05-21 10:47:25,641][ogn_registration][INFO] - ...None found, no registration to do
[2025-05-21 10:47:25,641][ogn_registration][INFO] - ...Skipping: No OmniGraph presence in the module isaacsim.core.cloner - No nodes in this module, do not remember it
[2025-05-21 10:47:25,641][ogn_registration][INFO] - Destroying registration record for isaacsim.core.cloner
[2025-05-21 10:47:25,641][ogn_registration][INFO] - OGN register isaacsim.core.cloner-1.3.4 took 1874700.000000
[2025-05-21 10:47:25,641][ogn_registration][INFO] - Looking for Python nodes to register in isaaclab.python-2.1.0
[2025-05-21 10:47:25,642][ogn_registration][INFO] - OGN register isaaclab.python-2.1.0 took 294120.000000
