[2025-05-21 10:40:30,372][ogn_registration][INFO] - Looking for Python nodes to register in omni.physx.fabric-106.5.7
[2025-05-21 10:40:30,373][ogn_registration][INFO] -  -> Registered nodes from module omni.physxfabric at /opt/IsaacSim/extsPhysics/omni.physx.fabric
[2025-05-21 10:40:30,373][ogn_registration][INFO] - Registering nodes in /opt/IsaacSim/extsPhysics/omni.physx.fabric imported as omni.physxfabric with AutoNode config {}
[2025-05-21 10:40:30,373][ogn_registration][INFO] - Registering Python Node Types from omni.physxfabric at /opt/IsaacSim/extsPhysics/omni.physx.fabric in omni.physx.fabric
[2025-05-21 10:40:30,373][ogn_registration][INFO] - ========================================================================================================================
[2025-05-21 10:40:30,374][ogn_registration][INFO] - No dependency on omni.graph, therefore no nodes to register in omni.physx.fabric
[2025-05-21 10:40:30,374][ogn_registration][INFO] - ...None found, no registration to do
[2025-05-21 10:40:30,374][ogn_registration][INFO] - ...Skipping: No OmniGraph presence in the module omni.physxfabric - No nodes in this module, do not remember it
[2025-05-21 10:40:30,374][ogn_registration][INFO] - Destroying registration record for omni.physx.fabric
[2025-05-21 10:40:30,374][ogn_registration][INFO] - OGN register omni.physx.fabric-106.5.7 took 1514770.000000
[2025-05-21 10:43:42,547][ogn_registration][INFO] - Looking for Python nodes to deregister in isaaclab.python-2.1.0
[2025-05-21 10:43:42,547][ogn_registration][INFO] - Deregistered Python nodes in isaaclab.python-2.1.0
[2025-05-21 10:43:42,548][ogn_registration][INFO] - OGN deregister isaaclab.python-2.1.0 took 136.28us
[2025-05-21 10:43:42,548][ogn_registration][INFO] - Looking for Python nodes to deregister in isaacsim.core.cloner-1.3.4
[2025-05-21 10:43:42,548][ogn_registration][INFO] - Deregistered Python nodes in isaacsim.core.cloner-1.3.4
[2025-05-21 10:43:42,548][ogn_registration][INFO] - OGN deregister isaacsim.core.cloner-1.3.4 took 112.80us
[2025-05-21 10:43:42,930][ogn_registration][INFO] - Looking for Python nodes to register in isaacsim.core.cloner-1.3.4
[2025-05-21 10:43:42,931][ogn_registration][INFO] -  -> Registered nodes from module isaacsim.core.cloner at /opt/IsaacSim/exts/isaacsim.core.cloner
[2025-05-21 10:43:42,931][ogn_registration][INFO] - Registering nodes in /opt/IsaacSim/exts/isaacsim.core.cloner imported as isaacsim.core.cloner with AutoNode config {}
[2025-05-21 10:43:42,931][ogn_registration][INFO] - Registering Python Node Types from isaacsim.core.cloner at /opt/IsaacSim/exts/isaacsim.core.cloner in isaacsim.core.cloner
[2025-05-21 10:43:42,931][ogn_registration][INFO] - ========================================================================================================================
[2025-05-21 10:43:42,932][ogn_registration][INFO] - No dependency on omni.graph, therefore no nodes to register in isaacsim.core.cloner
[2025-05-21 10:43:42,932][ogn_registration][INFO] - ...None found, no registration to do
[2025-05-21 10:43:42,932][ogn_registration][INFO] - ...Skipping: No OmniGraph presence in the module isaacsim.core.cloner - No nodes in this module, do not remember it
[2025-05-21 10:43:42,932][ogn_registration][INFO] - Destroying registration record for isaacsim.core.cloner
[2025-05-21 10:43:42,932][ogn_registration][INFO] - OGN register isaacsim.core.cloner-1.3.4 took 1843730.000000
[2025-05-21 10:43:42,933][ogn_registration][INFO] - Looking for Python nodes to register in isaaclab.python-2.1.0
[2025-05-21 10:43:42,933][ogn_registration][INFO] - OGN register isaaclab.python-2.1.0 took 248560.000000
